2021-11-21 13:58:00,236 - INFO - kods_db : DONE
2021-11-21 13:58:07,524 - INFO - kods_db : You've added rez to the base
2021-11-21 14:23:40,561 - INFO - kods_db : DONE
2021-11-21 14:23:46,811 - INFO - kods_db : You've added rez to the base
2021-11-21 14:26:40,089 - INFO - kods_db : DONE
2021-11-21 14:26:45,492 - INFO - kods_db : You've added rez to the base
2021-11-21 16:28:58,678 - INFO - kods_db : DONE
2021-11-21 16:29:06,290 - INFO - kods_db : You've added rez to the base
2021-11-21 17:59:01,572 - INFO - kods_db : DONE
2021-11-21 18:03:47,154 - INFO - kods_db : DONE
2021-11-21 18:08:35,563 - INFO - kods_db : DONE
2021-11-21 18:08:39,010 - INFO - kods_db : DONE
2021-11-21 18:09:45,590 - INFO - kods_db : DONE
2021-11-21 18:11:02,362 - INFO - kods_db : DONE
2021-11-21 18:13:49,137 - INFO - kods_db : DONE
2021-11-21 18:22:52,721 - INFO - kods_db : DONE
2021-11-21 18:23:21,590 - INFO - kods_db : DONE
2021-11-21 18:23:28,306 - INFO - kods_db : DONE
2021-11-21 18:26:39,687 - INFO - kods_db : DONE
2021-11-21 18:28:45,942 - INFO - kods_db : DONE
2021-11-21 18:29:46,006 - INFO - kods_db : DONE
2021-11-21 18:31:43,921 - INFO - kods_db : DONE
2021-11-21 18:33:52,682 - INFO - kods_db : DONE
2021-11-21 18:34:38,443 - INFO - kods_db : DONE
2021-11-21 18:40:10,457 - INFO - kods_db : DONE
2021-11-21 18:40:21,680 - INFO - kods_db : DONE
2021-11-21 19:48:25,703 - INFO - kods_db : DONE
2021-11-21 19:55:38,941 - INFO - kods_db : DONE
2021-11-21 19:56:39,910 - INFO - kods_db : DONE
2021-11-21 19:57:30,190 - INFO - kods_db : DONE
2021-11-21 19:59:32,137 - INFO - kods_db : DONE
2021-11-21 20:00:08,436 - INFO - kods_db : DONE
2021-11-21 20:04:58,799 - INFO - kods_db : DONE
2021-11-21 20:12:55,279 - INFO - kods_db : DONE
2021-11-21 20:14:59,183 - INFO - kods_db : DONE
2021-11-21 20:15:55,020 - INFO - kods_db : DONE
2021-11-21 20:16:44,406 - INFO - kods_db : DONE
2021-11-21 20:18:32,358 - INFO - kods_db : DONE
2021-11-21 20:22:12,565 - INFO - kods_db : DONE
2021-11-21 20:22:54,869 - INFO - kods_db : DONE
2021-11-21 20:26:15,959 - INFO - kods_db : DONE
2021-11-21 20:27:39,212 - INFO - kods_db : DONE
2021-11-21 20:28:10,961 - INFO - kods_db : DONE
2021-11-21 20:30:57,309 - INFO - kods_db : DONE
2021-11-21 20:32:03,669 - INFO - kods_db : DONE
2021-11-21 20:32:53,436 - INFO - kods_db : DONE
2021-11-21 20:37:52,128 - INFO - kods_db : DONE
2021-11-21 20:38:42,415 - INFO - kods_db : You're adding resistor to database
2021-11-21 20:38:42,416 - INFO - kods_db : Wight of a single resistor is 0.25
2021-11-21 20:39:58,043 - INFO - kods_db : DONE
2021-11-21 20:40:18,601 - INFO - kods_db : You're adding diode to database
2021-11-21 20:40:18,602 - INFO - kods_db : Wight of a single diode is 1.12
2021-11-21 20:41:14,486 - INFO - kods_db : DONE
2021-11-21 20:41:21,324 - INFO - kods_db : You're adding diode to database
2021-11-21 20:41:21,326 - INFO - kods_db : Wight of a single diode is 1.12
2021-11-21 20:42:46,969 - INFO - kods_db : DONE
2021-11-21 20:43:06,063 - INFO - kods_db : You're adding button to database
2021-11-21 20:43:06,064 - INFO - kods_db : Weight of a single button is 1.63
2021-11-22 14:24:40,328 - INFO - kods_db : DONE
2021-11-22 14:25:26,307 - INFO - kods_db : DONE
2021-11-22 14:25:33,284 - INFO - kods_db : You're adding diode to database
2021-11-22 14:25:33,285 - INFO - kods_db : Weight of a single diode is 1.12
2021-11-22 14:30:14,486 - INFO - kods_db : DONE
2021-11-22 14:30:34,852 - INFO - kods_db : DONE
2021-11-22 14:30:40,564 - INFO - kods_db : You're adding connector to database
2021-11-22 14:30:40,566 - INFO - kods_db : Weight of a single connector is 3.03
2021-11-22 14:44:17,145 - INFO - kods_db : DONE
2021-11-22 14:47:45,493 - INFO - kods_db : DONE
2021-11-22 14:47:51,390 - INFO - kods_db : You're adding diode to database
2021-11-22 14:47:51,391 - INFO - kods_db : Weight of a single diode is 1.12
2021-11-22 14:47:51,391 - INFO - kods_db : You're adding 49 diodes to the database
2021-11-22 15:42:33,813 - INFO - kods_db : DONE
2021-11-22 15:42:33,816 - ERROR - kods_db : Trouble initiating the database
2021-11-22 15:42:41,767 - INFO - kods_db : You will be adding diode to database
2021-11-22 15:42:41,768 - INFO - kods_db : Weight of a single diode is 1.12
2021-11-22 15:42:41,768 - INFO - kods_db : You're adding 20 diodes to the database
2021-11-22 15:42:41,768 - ERROR - kods_db : We were not able to adddiode to the database.
2021-11-22 15:44:43,558 - INFO - kods_db : DONE
2021-11-22 15:44:43,561 - ERROR - kods_db : Trouble initiating the database
2021-11-22 15:44:49,464 - INFO - kods_db : You will be adding diode to database
2021-11-22 15:44:49,465 - INFO - kods_db : Weight of a single diode is 1.12
2021-11-22 15:44:49,465 - INFO - kods_db : You're adding 20 diodes to the database
2021-11-22 15:44:49,465 - ERROR - kods_db : We were not able to add diode to the database.
